<?xml version="1.0" encoding="UTF-8" ?>
<testsuite errors="1" failures="0" hostname="bigkthx" name="JunitTestSuiteRunner" skipped="0" tests="1" time="0.0" timestamp="2015-01-24T18:45:30">
  <properties>
    <property name="java.runtime.name" value="OpenJDK Runtime Environment" />
    <property name="sun.boot.library.path" value="/usr/lib/jvm/java-7-openjdk-armhf/jre/lib/arm" />
    <property name="java.vm.version" value="23.7-b01" />
    <property name="java.vm.vendor" value="Oracle Corporation" />
    <property name="java.vendor.url" value="http://java.oracle.com/" />
    <property name="path.separator" value=":" />
    <property name="java.vm.name" value="OpenJDK Zero VM" />
    <property name="file.encoding.pkg" value="sun.io" />
    <property name="sun.java.launcher" value="SUN_STANDARD" />
    <property name="sun.os.patch.level" value="unknown" />
    <property name="java.vm.specification.name" value="Java Virtual Machine Specification" />
    <property name="user.dir" value="/root/production/jmv" />
    <property name="java.runtime.version" value="1.7.0_25-b30" />
    <property name="java.awt.graphicsenv" value="sun.awt.X11GraphicsEnvironment" />
    <property name="java.endorsed.dirs" value="/usr/lib/jvm/java-7-openjdk-armhf/jre/lib/endorsed" />
    <property name="os.arch" value="arm" />
    <property name="java.io.tmpdir" value="/tmp" />
    <property name="line.separator" value="&#xa;" />
    <property name="java.vm.specification.vendor" value="Oracle Corporation" />
    <property name="os.name" value="Linux" />
    <property name="sun.jnu.encoding" value="UTF-8" />
    <property name="java.library.path" value="/usr/java/packages/lib/arm:/usr/lib/arm-linux-gnueabihf/jni:/lib/arm-linux-gnueabihf:/usr/lib/arm-linux-gnueabihf:/usr/lib/jni:/lib:/usr/lib" />
    <property name="java.specification.name" value="Java Platform API Specification" />
    <property name="java.class.version" value="51.0" />
    <property name="os.version" value="3.4.61+" />
    <property name="user.home" value="/root" />
    <property name="user.timezone" value="" />
    <property name="java.awt.printerjob" value="sun.print.PSPrinterJob" />
    <property name="file.encoding" value="UTF-8" />
    <property name="java.specification.version" value="1.7" />
    <property name="user.name" value="root" />
    <property name="java.class.path" value=".:/usr/share/ant/lib/ant.jar:/results/TEFPARYPHXMK/files/JUnitSuite/.:/usr/share/ant/lib/ant-junit.jar:/usr/share/java/junit4-4.11.jar" />
    <property name="java.vm.specification.version" value="1.7" />
    <property name="sun.java.command" value="org.apache.tools.ant.taskdefs.optional.junit.JUnitTestRunner JunitTestSuiteRunner formatter=org.apache.tools.ant.taskdefs.optional.junit.XMLJUnitResultFormatter" />
    <property name="sun.arch.data.model" value="32" />
    <property name="java.home" value="/usr/lib/jvm/java-7-openjdk-armhf/jre" />
    <property name="java.specification.vendor" value="Oracle Corporation" />
    <property name="user.language" value="en" />
    <property name="awt.toolkit" value="sun.awt.X11.XToolkit" />
    <property name="java.vm.info" value="mixed mode" />
    <property name="java.version" value="1.7.0_25" />
    <property name="java.ext.dirs" value="/usr/lib/jvm/java-7-openjdk-armhf/jre/lib/ext:/usr/java/packages/lib/ext" />
    <property name="sun.boot.class.path" value="/usr/lib/jvm/java-7-openjdk-armhf/jre/lib/resources.jar:/usr/lib/jvm/java-7-openjdk-armhf/jre/lib/rt.jar:/usr/lib/jvm/java-7-openjdk-armhf/jre/lib/sunrsasign.jar:/usr/lib/jvm/java-7-openjdk-armhf/jre/lib/jsse.jar:/usr/lib/jvm/java-7-openjdk-armhf/jre/lib/jce.jar:/usr/lib/jvm/java-7-openjdk-armhf/jre/lib/charsets.jar:/usr/lib/jvm/java-7-openjdk-armhf/jre/lib/netx.jar:/usr/lib/jvm/java-7-openjdk-armhf/jre/lib/plugin.jar:/usr/lib/jvm/java-7-openjdk-armhf/jre/lib/rhino.jar:/usr/lib/jvm/java-7-openjdk-armhf/jre/lib/jfr.jar:/usr/lib/jvm/java-7-openjdk-armhf/jre/classes" />
    <property name="java.vendor" value="Oracle Corporation" />
    <property name="file.separator" value="/" />
    <property name="java.vendor.url.bug" value="http://bugreport.sun.com/bugreport/" />
    <property name="sun.cpu.endian" value="little" />
    <property name="sun.io.unicode.encoding" value="UnicodeLittle" />
    <property name="sun.cpu.isalist" value="" />
  </properties>
  <error message="JunitTestSuiteRunner" type="java.lang.ClassNotFoundException">java.lang.ClassNotFoundException: JunitTestSuiteRunner
	at java.net.URLClassLoader$1.run(URLClassLoader.java:366)
	at java.net.URLClassLoader$1.run(URLClassLoader.java:355)
	at java.security.AccessController.doPrivileged(Native Method)
	at java.net.URLClassLoader.findClass(URLClassLoader.java:354)
	at java.lang.ClassLoader.loadClass(ClassLoader.java:424)
	at sun.misc.Launcher$AppClassLoader.loadClass(Launcher.java:308)
	at java.lang.ClassLoader.loadClass(ClassLoader.java:357)
	at java.lang.Class.forName0(Native Method)
	at java.lang.Class.forName(Class.java:190)
</error>
  <system-out><![CDATA[]]></system-out>
  <system-err><![CDATA[]]></system-err>
</testsuite>
